2022-05-23 23:15:46,412 INFO [default] QtViewer start successfully!
2022-05-24 22:09:21,543 INFO [default] 22:08:42main
2022-05-24 22:25:39,502 INFO [default] build at 22:25:12
2022-05-24 22:25:40,318 INFO [default] osgQtViewer start successfully!
2022-05-24 22:27:19,714 INFO [default] build at May 24 202222:26:53
2022-05-24 22:27:20,169 INFO [default] osgQtViewer start successfully!
2022-05-24 22:36:10,172 INFO [default] build at 2022-05-24 22:36:10
2022-05-24 22:36:10,584 INFO [default] osgQtViewer was build at May 24 2022 22:35:43
2022-05-24 22:38:00,492 INFO [default] osgQtViewer was build at May 24 2022 22:37:35
2022-05-24 22:38:01,497 INFO [default] start at 2022-05-24 22:38:01
2022-05-24 22:39:17,046 INFO [default] osgQtViewer was build at May 24 2022 22:38:52
2022-05-24 22:39:18,024 INFO [default] start at 2022-05-24 22:39:18
2022-05-24 22:40:18,956 INFO [default] start at 2022-05-24 22:40:18
2022-05-24 22:40:19,239 INFO [default] osgQtViewer was build at May 24 2022 22:39:52
2022-05-24 22:40:57,450 INFO [default] osgQtViewer was build at May 24 2022 22:40:32
2022-05-24 22:40:58,029 INFO [default] start at 2022-05-24 22:40:58
2022-05-25 22:11:16,519 INFO [default] start at 2022-05-25 22:11:16
2022-05-25 22:11:17,042 INFO [default] osgQtViewer was build at May 25 2022 22:08:34
2022-05-25 22:12:19,428 INFO [default] start at 2022-05-25 22:12:19
2022-05-25 22:12:19,862 INFO [default] osgQtViewer was build at May 25 2022 22:08:34
2022-05-25 22:14:45,935 INFO [default] start at 2022-05-25 22:14:45
2022-05-25 22:14:46,282 INFO [default] osgQtViewer was build at May 25 2022 22:08:34
2022-05-25 22:15:40,245 INFO [default] start at 2022-05-25 22:15:40
2022-05-25 22:15:44,115 INFO [default] osgQtViewer was build at May 25 2022 22:08:34
2022-05-25 22:16:21,525 INFO [default] start at 2022-05-25 22:16:21
2022-05-25 22:16:21,977 INFO [default] osgQtViewer was build at May 25 2022 22:08:34
2022-05-25 22:26:32,742 INFO [default] start at 2022-05-25 22:26:32
2022-05-25 22:26:33,232 INFO [default] osgQtViewer was build at May 25 2022 22:08:34
2022-05-25 22:29:57,006 INFO [default] start at 2022-05-25 22:29:57
2022-05-25 22:29:57,384 INFO [default] osgQtViewer was build at May 25 2022 22:08:34
2022-05-25 22:30:55,324 INFO [default] start at 2022-05-25 22:30:55
2022-05-25 22:30:56,633 INFO [default] osgQtViewer was build at May 25 2022 22:08:34
2022-05-25 22:31:32,894 INFO [default] start at 2022-05-25 22:31:32
2022-05-25 22:31:33,297 INFO [default] osgQtViewer was build at May 25 2022 22:08:34
2022-05-26 22:52:36,593 INFO [default] start at 2022-05-26 22:52:36
2022-05-26 22:52:37,113 INFO [default] osgQtViewer was build at May 25 2022 22:08:34
2022-05-27 23:26:54,558 INFO [default] start at 2022-05-27 23:26:54
2022-05-27 23:26:55,948 INFO [default] osgQtViewer was build at May 27 2022 23:25:27
2022-05-28 23:32:47,922 INFO [default] start at 2022-05-28 23:32:47
2022-05-28 23:32:49,271 INFO [default] osgQtViewer was build at May 28 2022 23:31:54
2022-05-29 23:15:43,507 INFO [default] start at 2022-05-29 23:15:43
2022-05-29 23:15:44,045 INFO [default] osgQtViewer was build at May 29 2022 23:06:44
2022-06-01 23:33:52,662 INFO [default] start at 2022-06-01 23:33:52
2022-06-01 23:33:54,016 INFO [default] osgQtViewer was build at May 31 2022 21:32:54
2022-06-04 23:21:14,171 INFO [default] start at 2022-06-04 23:21:14
2022-06-04 23:21:15,516 INFO [default] osgQtViewer was build at May 31 2022 21:32:54
2022-06-06 22:31:53,050 INFO [default] start at 2022-06-06 22:31:53
2022-06-06 22:31:53,815 INFO [default] osgQtViewer was build at May 31 2022 21:32:54
2022-07-03 09:33:29,716 INFO [default] start at 2022-07-03 09:33:29
2022-07-03 09:33:30,195 INFO [default] osgQtViewer was build at May 31 2022 21:32:54
2022-07-03 09:38:12,543 INFO [default] start at 2022-07-03 09:38:12
2022-07-03 09:38:12,961 INFO [default] osgQtViewer was build at May 31 2022 21:32:54
2022-07-03 09:40:44,162 INFO [default] start at 2022-07-03 09:40:44
2022-07-03 09:40:50,468 INFO [default] osgQtViewer was build at May 31 2022 21:32:54
2022-07-03 09:54:36,216 INFO [default] start at 2022-07-03 09:54:36
2022-07-03 09:54:37,572 INFO [default] osgQtViewer was build at Jul  3 2022 09:54:10
2022-07-03 09:59:43,131 INFO [default] start at 2022-07-03 09:59:43
2022-07-03 09:59:43,657 INFO [default] osgQtViewer was build at Jul  3 2022 09:59:18
2022-07-03 10:03:45,311 INFO [default] start at 2022-07-03 10:03:45
2022-07-03 10:03:45,726 INFO [default] osgQtViewer was build at Jul  3 2022 09:59:18
2022-07-03 10:28:23,615 INFO [default] start at 2022-07-03 10:28:23
2022-07-03 10:28:24,093 INFO [default] osgQtViewer was build at Jul  3 2022 10:26:32
2022-07-03 10:30:33,812 INFO [default] start at 2022-07-03 10:30:33
2022-07-03 10:30:34,249 INFO [default] osgQtViewer was build at Jul  3 2022 10:26:32
2022-07-03 10:34:11,210 INFO [default] start at 2022-07-03 10:34:11
2022-07-03 10:34:11,644 INFO [default] osgQtViewer was build at Jul  3 2022 10:26:32
2022-07-03 10:35:00,657 INFO [default] start at 2022-07-03 10:35:00
2022-07-03 10:35:01,952 INFO [default] osgQtViewer was build at Jul  3 2022 10:26:32
2022-07-03 10:35:18,240 INFO [default] start at 2022-07-03 10:35:18
2022-07-03 10:35:18,652 INFO [default] osgQtViewer was build at Jul  3 2022 10:26:32
2022-07-03 10:36:46,661 INFO [default] start at 2022-07-03 10:36:46
2022-07-03 10:36:47,075 INFO [default] osgQtViewer was build at Jul  3 2022 10:26:32
2022-07-03 10:37:15,230 INFO [default] start at 2022-07-03 10:37:15
2022-07-03 10:37:16,530 INFO [default] osgQtViewer was build at Jul  3 2022 10:26:32
2022-07-03 10:38:29,529 INFO [default] start at 2022-07-03 10:38:29
2022-07-03 10:38:34,573 INFO [default] osgQtViewer was build at Jul  3 2022 10:26:32
2022-07-03 10:39:49,911 INFO [default] start at 2022-07-03 10:39:49
2022-07-03 10:39:50,342 INFO [default] osgQtViewer was build at Jul  3 2022 10:26:32
2022-07-03 10:41:58,411 INFO [default] start at 2022-07-03 10:41:58
2022-07-03 10:41:59,713 INFO [default] osgQtViewer was build at Jul  3 2022 10:26:32
2022-07-03 10:42:58,218 INFO [default] start at 2022-07-03 10:42:58
2022-07-03 10:42:58,630 INFO [default] osgQtViewer was build at Jul  3 2022 10:26:32
2022-07-03 10:47:07,215 INFO [default] start at 2022-07-03 10:47:07
2022-07-03 10:47:07,635 INFO [default] osgQtViewer was build at Jul  3 2022 10:26:32
2022-07-03 10:47:39,047 INFO [default] start at 2022-07-03 10:47:39
2022-07-03 10:47:43,087 INFO [default] osgQtViewer was build at Jul  3 2022 10:26:32
2022-07-03 10:50:13,038 INFO [default] start at 2022-07-03 10:50:13
2022-07-03 10:50:13,456 INFO [default] osgQtViewer was build at Jul  3 2022 10:26:32
2022-07-03 11:10:25,302 INFO [default] start at 2022-07-03 11:10:25
2022-07-03 11:10:26,669 INFO [default] osgQtViewer was build at Jul  3 2022 10:26:32
2022-07-03 11:14:16,186 INFO [default] start at 2022-07-03 11:14:16
2022-07-03 11:14:17,492 INFO [default] osgQtViewer was build at Jul  3 2022 10:26:32
2022-07-03 11:16:16,220 INFO [default] start at 2022-07-03 11:16:16
2022-07-03 11:16:17,525 INFO [default] osgQtViewer was build at Jul  3 2022 10:26:32
2022-07-03 11:17:20,489 INFO [default] start at 2022-07-03 11:17:20
2022-07-03 11:17:20,945 INFO [default] osgQtViewer was build at Jul  3 2022 10:26:32
2022-07-03 11:23:52,856 INFO [default] start at 2022-07-03 11:23:52
2022-07-03 11:23:54,236 INFO [default] osgQtViewer was build at Jul  3 2022 10:26:32
2022-07-03 16:12:17,354 INFO [default] start at 2022-07-03 16:12:17
2022-07-03 16:12:17,814 INFO [default] osgQtViewer was build at Jul  3 2022 10:26:32
2022-07-03 16:14:00,346 INFO [default] start at 2022-07-03 16:14:00
2022-07-03 16:14:01,649 INFO [default] osgQtViewer was build at Jul  3 2022 10:26:32
2022-07-03 16:15:08,200 INFO [default] start at 2022-07-03 16:15:08
2022-07-03 16:15:09,505 INFO [default] osgQtViewer was build at Jul  3 2022 10:26:32
2022-07-03 16:17:27,629 INFO [default] start at 2022-07-03 16:17:27
2022-07-03 16:17:28,069 INFO [default] osgQtViewer was build at Jul  3 2022 10:26:32
2022-07-03 16:20:38,562 INFO [default] start at 2022-07-03 16:20:38
2022-07-03 16:20:39,860 INFO [default] osgQtViewer was build at Jul  3 2022 10:26:32
2022-07-03 16:23:09,861 INFO [default] start at 2022-07-03 16:23:09
2022-07-03 16:23:11,168 INFO [default] osgQtViewer was build at Jul  3 2022 10:26:32
2022-07-03 16:26:45,809 INFO [default] start at 2022-07-03 16:26:45
2022-07-03 16:26:46,264 INFO [default] osgQtViewer was build at Jul  3 2022 10:26:32
2022-07-03 16:29:03,580 INFO [default] start at 2022-07-03 16:29:03
2022-07-03 16:29:07,768 INFO [default] osgQtViewer was build at Jul  3 2022 10:26:32
2022-07-03 16:37:24,561 INFO [default] start at 2022-07-03 16:37:24
2022-07-03 16:37:25,055 INFO [default] osgQtViewer was build at Jul  3 2022 10:26:32
2022-07-03 16:40:07,945 INFO [default] start at 2022-07-03 16:40:07
2022-07-03 16:40:08,373 INFO [default] osgQtViewer was build at Jul  3 2022 10:26:32
2022-07-03 16:40:48,861 INFO [default] start at 2022-07-03 16:40:48
2022-07-03 16:40:51,933 INFO [default] osgQtViewer was build at Jul  3 2022 10:26:32
2022-07-03 16:42:40,982 INFO [default] start at 2022-07-03 16:42:40
2022-07-03 16:42:41,382 INFO [default] osgQtViewer was build at Jul  3 2022 10:26:32
2022-07-03 16:44:11,378 INFO [default] start at 2022-07-03 16:44:11
2022-07-03 16:44:12,575 INFO [default] osgQtViewer was build at Jul  3 2022 10:26:32
2022-07-03 16:45:05,527 INFO [default] start at 2022-07-03 16:45:05
2022-07-03 16:45:05,951 INFO [default] osgQtViewer was build at Jul  3 2022 10:26:32
2022-07-03 17:43:35,218 INFO [default] start at 2022-07-03 17:43:35
2022-07-03 17:43:35,729 INFO [default] osgQtViewer was build at Jul  3 2022 17:42:54
2022-07-03 17:45:40,748 INFO [default] start at 2022-07-03 17:45:40
2022-07-03 17:45:42,049 INFO [default] osgQtViewer was build at Jul  3 2022 17:42:54
2022-07-03 17:51:50,107 INFO [default] start at 2022-07-03 17:51:50
2022-07-03 17:51:50,617 INFO [default] osgQtViewer was build at Jul  3 2022 17:51:12
2022-07-03 21:39:46,711 INFO [default] start at 2022-07-03 21:39:46
2022-07-03 21:39:48,046 INFO [default] osgQtViewer was build at Jul  3 2022 17:51:12
2022-07-03 21:40:24,467 INFO [default] start at 2022-07-03 21:40:24
2022-07-03 21:40:24,877 INFO [default] osgQtViewer was build at Jul  3 2022 17:51:12
2022-07-03 21:42:58,365 INFO [default] start at 2022-07-03 21:42:58
2022-07-03 21:42:58,773 INFO [default] osgQtViewer was build at Jul  3 2022 17:51:12
2022-07-03 21:53:06,386 INFO [default] start at 2022-07-03 21:53:06
2022-07-03 21:53:06,838 INFO [default] osgQtViewer was build at Jul  3 2022 17:51:12
2022-07-03 21:56:31,638 INFO [default] start at 2022-07-03 21:56:31
2022-07-03 21:56:32,042 INFO [default] osgQtViewer was build at Jul  3 2022 17:51:12
2022-07-03 21:57:32,847 INFO [default] start at 2022-07-03 21:57:32
2022-07-03 21:57:34,140 INFO [default] osgQtViewer was build at Jul  3 2022 17:51:12
2022-07-03 21:59:25,849 INFO [default] start at 2022-07-03 21:59:25
2022-07-03 21:59:27,153 INFO [default] osgQtViewer was build at Jul  3 2022 17:51:12
2022-07-03 22:03:34,705 INFO [default] start at 2022-07-03 22:03:34
2022-07-03 22:03:35,122 INFO [default] osgQtViewer was build at Jul  3 2022 17:51:12
2022-07-03 22:05:18,920 INFO [default] start at 2022-07-03 22:05:18
2022-07-03 22:05:20,208 INFO [default] osgQtViewer was build at Jul  3 2022 17:51:12
2022-07-03 22:06:58,584 INFO [default] start at 2022-07-03 22:06:58
2022-07-03 22:06:59,874 INFO [default] osgQtViewer was build at Jul  3 2022 17:51:12
2022-07-03 22:07:41,461 INFO [default] start at 2022-07-03 22:07:41
2022-07-03 22:07:41,875 INFO [default] osgQtViewer was build at Jul  3 2022 17:51:12
2022-07-03 22:10:19,534 INFO [default] start at 2022-07-03 22:10:19
2022-07-03 22:10:19,955 INFO [default] osgQtViewer was build at Jul  3 2022 17:51:12
2022-07-03 22:12:03,498 INFO [default] start at 2022-07-03 22:12:03
2022-07-03 22:12:03,909 INFO [default] osgQtViewer was build at Jul  3 2022 17:51:12
2022-07-03 22:13:47,570 INFO [default] start at 2022-07-03 22:13:47
2022-07-03 22:13:52,332 INFO [default] osgQtViewer was build at Jul  3 2022 17:51:12
2022-07-03 22:14:51,441 INFO [default] start at 2022-07-03 22:14:51
2022-07-03 22:14:52,730 INFO [default] osgQtViewer was build at Jul  3 2022 17:51:12
2022-07-03 22:21:14,544 INFO [default] start at 2022-07-03 22:21:14
2022-07-03 22:21:14,978 INFO [default] osgQtViewer was build at Jul  3 2022 17:51:12
2022-07-03 22:23:38,451 INFO [default] start at 2022-07-03 22:23:38
2022-07-03 22:23:38,852 INFO [default] osgQtViewer was build at Jul  3 2022 17:51:12
2022-07-03 22:25:20,075 INFO [default] start at 2022-07-03 22:25:20
2022-07-03 22:25:20,483 INFO [default] osgQtViewer was build at Jul  3 2022 17:51:12
2022-07-03 23:02:44,233 INFO [default] start at 2022-07-03 23:02:44
2022-07-03 23:02:44,685 INFO [default] osgQtViewer was build at Jul  3 2022 23:02:06
2022-07-03 23:10:39,037 INFO [default] start at 2022-07-03 23:10:39
2022-07-03 23:10:39,538 INFO [default] osgQtViewer was build at Jul  3 2022 23:02:06
2022-07-03 23:12:40,521 INFO [default] start at 2022-07-03 23:12:40
2022-07-03 23:12:41,805 INFO [default] osgQtViewer was build at Jul  3 2022 23:02:06
2022-07-03 23:15:38,399 INFO [default] start at 2022-07-03 23:15:38
2022-07-03 23:15:39,701 INFO [default] osgQtViewer was build at Jul  3 2022 23:02:06
2022-07-03 23:16:36,079 INFO [default] start at 2022-07-03 23:16:36
2022-07-03 23:16:37,349 INFO [default] osgQtViewer was build at Jul  3 2022 23:02:06
2022-07-03 23:17:39,958 INFO [default] start at 2022-07-03 23:17:39
2022-07-03 23:17:40,334 INFO [default] osgQtViewer was build at Jul  3 2022 23:02:06
2022-07-03 23:29:34,080 INFO [default] start at 2022-07-03 23:29:34
2022-07-03 23:29:35,473 INFO [default] osgQtViewer was build at Jul  3 2022 23:02:06
2022-07-03 23:47:13,314 INFO [default] start at 2022-07-03 23:47:13
2022-07-03 23:47:13,762 INFO [default] osgQtViewer was build at Jul  3 2022 23:46:36
2022-07-03 23:47:17,912 INFO [default] start at 2022-07-03 23:47:17
2022-07-03 23:47:19,216 INFO [default] osgQtViewer was build at Jul  3 2022 23:46:36
2022-07-03 23:48:14,177 INFO [default] start at 2022-07-03 23:48:14
2022-07-03 23:48:14,583 INFO [default] osgQtViewer was build at Jul  3 2022 23:46:36
2022-07-03 23:48:35,988 INFO [default] start at 2022-07-03 23:48:35
2022-07-03 23:48:36,364 INFO [default] osgQtViewer was build at Jul  3 2022 23:46:36
2022-07-03 23:49:25,598 INFO [default] start at 2022-07-03 23:49:25
2022-07-03 23:49:26,905 INFO [default] osgQtViewer was build at Jul  3 2022 23:46:36
2022-07-04 18:00:22,850 INFO [default] start at 2022-07-04 18:00:22
2022-07-04 18:00:23,235 INFO [default] osgQtViewer was build at Jul  3 2022 23:46:36
2022-07-04 18:32:03,926 INFO [default] start at 2022-07-04 18:32:03
2022-07-04 18:32:04,387 INFO [default] osgQtViewer was build at Jul  4 2022 18:29:40
2022-07-04 18:42:11,725 INFO [default] start at 2022-07-04 18:42:11
2022-07-04 18:42:13,018 INFO [default] osgQtViewer was build at Jul  4 2022 18:41:46
2022-07-04 18:44:41,972 INFO [default] start at 2022-07-04 18:44:41
2022-07-04 18:44:42,378 INFO [default] osgQtViewer was build at Jul  4 2022 18:41:46
2022-07-04 18:46:14,370 INFO [default] start at 2022-07-04 18:46:14
2022-07-04 18:46:14,771 INFO [default] osgQtViewer was build at Jul  4 2022 18:41:46
2022-07-04 18:57:22,601 INFO [default] start at 2022-07-04 18:57:22
2022-07-04 18:57:23,005 INFO [default] osgQtViewer was build at Jul  4 2022 18:41:46
2022-07-04 19:09:38,894 INFO [default] start at 2022-07-04 19:09:38
2022-07-04 19:09:39,275 INFO [default] osgQtViewer was build at Jul  4 2022 19:09:11
2022-07-04 19:10:25,917 INFO [default] start at 2022-07-04 19:10:25
2022-07-04 19:10:26,334 INFO [default] osgQtViewer was build at Jul  4 2022 19:09:11
2022-07-04 19:26:52,321 INFO [default] start at 2022-07-04 19:26:52
2022-07-04 19:26:52,695 INFO [default] osgQtViewer was build at Jul  4 2022 19:26:24
2022-07-04 19:36:57,960 INFO [default] start at 2022-07-04 19:36:57
2022-07-04 19:36:58,363 INFO [default] osgQtViewer was build at Jul  4 2022 19:26:24
2022-07-04 19:38:54,122 INFO [default] start at 2022-07-04 19:38:54
2022-07-04 19:38:55,423 INFO [default] osgQtViewer was build at Jul  4 2022 19:26:24
2022-07-04 19:40:34,314 INFO [default] start at 2022-07-04 19:40:34
2022-07-04 19:40:34,688 INFO [default] osgQtViewer was build at Jul  4 2022 19:26:24
2022-07-04 19:44:03,182 INFO [default] start at 2022-07-04 19:44:03
2022-07-04 19:44:04,461 INFO [default] osgQtViewer was build at Jul  4 2022 19:26:24
2022-07-04 19:45:44,764 INFO [default] start at 2022-07-04 19:45:44
2022-07-04 19:45:46,061 INFO [default] osgQtViewer was build at Jul  4 2022 19:26:24
2022-07-04 19:51:39,851 INFO [default] start at 2022-07-04 19:51:39
2022-07-04 19:51:40,320 INFO [default] osgQtViewer was build at Jul  4 2022 19:26:24
2022-07-04 19:52:43,896 INFO [default] start at 2022-07-04 19:52:43
2022-07-04 19:52:45,207 INFO [default] osgQtViewer was build at Jul  4 2022 19:26:24
2022-07-04 19:56:12,592 INFO [default] start at 2022-07-04 19:56:12
2022-07-04 19:56:13,795 INFO [default] osgQtViewer was build at Jul  4 2022 19:26:24
2022-07-04 19:57:44,743 INFO [default] start at 2022-07-04 19:57:44
2022-07-04 19:57:46,038 INFO [default] osgQtViewer was build at Jul  4 2022 19:26:24
2022-07-04 19:59:29,420 INFO [default] start at 2022-07-04 19:59:29
2022-07-04 19:59:29,823 INFO [default] osgQtViewer was build at Jul  4 2022 19:26:24
2022-07-04 20:02:37,193 INFO [default] start at 2022-07-04 20:02:37
2022-07-04 20:02:37,612 INFO [default] osgQtViewer was build at Jul  4 2022 19:26:24
2022-07-04 20:03:51,802 INFO [default] start at 2022-07-04 20:03:51
2022-07-04 20:03:54,955 INFO [default] osgQtViewer was build at Jul  4 2022 19:26:24
2022-07-04 20:06:31,900 INFO [default] start at 2022-07-04 20:06:31
2022-07-04 20:06:33,189 INFO [default] osgQtViewer was build at Jul  4 2022 19:26:24
2022-07-04 20:32:51,341 INFO [default] start at 2022-07-04 20:32:51
2022-07-04 20:32:52,674 INFO [default] osgQtViewer was build at Jul  4 2022 19:26:24
2022-07-04 20:40:27,634 INFO [default] start at 2022-07-04 20:40:27
2022-07-04 20:40:27,998 INFO [default] osgQtViewer was build at Jul  4 2022 19:26:24
2022-07-04 21:01:39,993 INFO [default] start at 2022-07-04 21:01:39
2022-07-04 21:01:41,348 INFO [default] osgQtViewer was build at Jul  4 2022 19:26:24
2022-07-04 21:06:21,985 INFO [default] start at 2022-07-04 21:06:21
2022-07-04 21:06:23,280 INFO [default] osgQtViewer was build at Jul  4 2022 21:05:41
2022-07-04 21:31:17,881 INFO [default] start at 2022-07-04 21:31:17
2022-07-04 21:31:19,196 INFO [default] osgQtViewer was build at Jul  4 2022 21:30:38
2022-07-04 21:34:58,536 INFO [default] start at 2022-07-04 21:34:58
2022-07-04 21:34:58,977 INFO [default] osgQtViewer was build at Jul  4 2022 21:30:38
2022-07-04 21:38:59,977 INFO [default] start at 2022-07-04 21:38:59
2022-07-04 21:39:01,277 INFO [default] osgQtViewer was build at Jul  4 2022 21:30:38
2022-07-04 21:39:57,348 INFO [default] start at 2022-07-04 21:39:57
2022-07-04 21:39:58,657 INFO [default] osgQtViewer was build at Jul  4 2022 21:30:38
2022-07-04 21:40:22,092 INFO [default] start at 2022-07-04 21:40:22
2022-07-04 21:40:23,395 INFO [default] osgQtViewer was build at Jul  4 2022 21:30:38
2022-07-04 21:44:45,329 INFO [default] start at 2022-07-04 21:44:45
2022-07-04 21:44:46,628 INFO [default] osgQtViewer was build at Jul  4 2022 21:42:07
2022-07-04 21:47:46,282 INFO [default] start at 2022-07-04 21:47:46
2022-07-04 21:47:46,710 INFO [default] osgQtViewer was build at Jul  4 2022 21:42:07
2022-07-04 21:49:39,191 INFO [default] start at 2022-07-04 21:49:39
2022-07-04 21:49:40,486 INFO [default] osgQtViewer was build at Jul  4 2022 21:42:07
2022-07-04 21:51:10,694 INFO [default] start at 2022-07-04 21:51:10
2022-07-04 21:51:11,996 INFO [default] osgQtViewer was build at Jul  4 2022 21:42:07
2022-07-04 21:52:43,158 INFO [default] start at 2022-07-04 21:52:43
2022-07-04 21:52:44,455 INFO [default] osgQtViewer was build at Jul  4 2022 21:42:07
2022-07-04 21:54:40,321 INFO [default] start at 2022-07-04 21:54:40
2022-07-04 21:54:41,585 INFO [default] osgQtViewer was build at Jul  4 2022 21:42:07
2022-07-04 21:56:09,645 INFO [default] start at 2022-07-04 21:56:09
2022-07-04 21:56:10,925 INFO [default] osgQtViewer was build at Jul  4 2022 21:42:07
2022-07-04 21:56:55,734 INFO [default] start at 2022-07-04 21:56:55
2022-07-04 21:56:59,378 INFO [default] osgQtViewer was build at Jul  4 2022 21:42:07
2022-07-04 22:06:22,646 INFO [default] start at 2022-07-04 22:06:22
2022-07-04 22:06:24,030 INFO [default] osgQtViewer was build at Jul  4 2022 21:42:07
2022-07-04 22:08:18,347 INFO [default] start at 2022-07-04 22:08:18
2022-07-04 22:08:19,659 INFO [default] osgQtViewer was build at Jul  4 2022 21:42:07
2022-07-04 22:10:52,963 INFO [default] start at 2022-07-04 22:10:52
2022-07-04 22:10:54,270 INFO [default] osgQtViewer was build at Jul  4 2022 21:42:07
2022-07-04 22:13:53,333 INFO [default] start at 2022-07-04 22:13:53
2022-07-04 22:13:54,635 INFO [default] osgQtViewer was build at Jul  4 2022 21:42:07
2022-07-04 22:14:41,805 INFO [default] start at 2022-07-04 22:14:41
2022-07-04 22:14:43,091 INFO [default] osgQtViewer was build at Jul  4 2022 21:42:07
2022-07-04 22:17:12,030 INFO [default] start at 2022-07-04 22:17:12
2022-07-04 22:17:17,205 INFO [default] osgQtViewer was build at Jul  4 2022 21:42:07
2022-07-04 23:03:50,187 INFO [default] start at 2022-07-04 23:03:50
2022-07-04 23:03:51,537 INFO [default] osgQtViewer was build at Jul  4 2022 21:42:07
2022-07-04 23:12:39,832 INFO [default] start at 2022-07-04 23:12:39
2022-07-04 23:12:41,230 INFO [default] osgQtViewer was build at Jul  4 2022 21:42:07
2022-07-04 23:14:03,282 INFO [default] start at 2022-07-04 23:14:03
2022-07-04 23:14:04,577 INFO [default] osgQtViewer was build at Jul  4 2022 21:42:07
2022-07-04 23:15:20,699 INFO [default] start at 2022-07-04 23:15:20
2022-07-04 23:15:22,007 INFO [default] osgQtViewer was build at Jul  4 2022 21:42:07
2022-07-04 23:16:34,515 INFO [default] start at 2022-07-04 23:16:34
2022-07-04 23:16:34,885 INFO [default] osgQtViewer was build at Jul  4 2022 21:42:07
2022-07-04 23:17:23,441 INFO [default] start at 2022-07-04 23:17:23
2022-07-04 23:17:24,357 INFO [default] osgQtViewer was build at Jul  4 2022 21:42:07
2022-07-04 23:19:08,502 INFO [default] start at 2022-07-04 23:19:08
2022-07-04 23:19:09,777 INFO [default] osgQtViewer was build at Jul  4 2022 21:42:07
2022-07-04 23:20:09,647 INFO [default] start at 2022-07-04 23:20:09
2022-07-04 23:20:10,078 INFO [default] osgQtViewer was build at Jul  4 2022 21:42:07
2022-07-04 23:20:42,761 INFO [default] start at 2022-07-04 23:20:42
2022-07-04 23:20:44,071 INFO [default] osgQtViewer was build at Jul  4 2022 21:42:07
2022-07-04 23:22:51,275 INFO [default] start at 2022-07-04 23:22:51
2022-07-04 23:22:52,578 INFO [default] osgQtViewer was build at Jul  4 2022 21:42:07
2022-07-04 23:25:01,779 INFO [default] start at 2022-07-04 23:25:01
2022-07-04 23:25:02,202 INFO [default] osgQtViewer was build at Jul  4 2022 21:42:07
2022-07-04 23:26:52,657 INFO [default] start at 2022-07-04 23:26:52
2022-07-04 23:26:53,092 INFO [default] osgQtViewer was build at Jul  4 2022 21:42:07
2022-07-04 23:47:31,151 INFO [default] start at 2022-07-04 23:47:31
2022-07-04 23:47:32,480 INFO [default] osgQtViewer was build at Jul  4 2022 21:42:07
